running egg_info
writing build/publish_python_topic/publish_python_topic.egg-info/PKG-INFO
writing dependency_links to build/publish_python_topic/publish_python_topic.egg-info/dependency_links.txt
writing entry points to build/publish_python_topic/publish_python_topic.egg-info/entry_points.txt
writing requirements to build/publish_python_topic/publish_python_topic.egg-info/requires.txt
writing top-level names to build/publish_python_topic/publish_python_topic.egg-info/top_level.txt
reading manifest file 'build/publish_python_topic/publish_python_topic.egg-info/SOURCES.txt'
adding license file 'LICENSE'
writing manifest file 'build/publish_python_topic/publish_python_topic.egg-info/SOURCES.txt'
running build
running build_py
copying publish_python_topic/pub_node.py -> /home/amonk/MyWorkSpace/test/py_cpp/publish_python_topic/build/publish_python_topic/build/lib/publish_python_topic
running install
running install_lib
copying /home/amonk/MyWorkSpace/test/py_cpp/publish_python_topic/build/publish_python_topic/build/lib/publish_python_topic/pub_node.py -> /home/amonk/MyWorkSpace/test/py_cpp/publish_python_topic/install/publish_python_topic/lib/python3.10/site-packages/publish_python_topic
byte-compiling /home/amonk/MyWorkSpace/test/py_cpp/publish_python_topic/install/publish_python_topic/lib/python3.10/site-packages/publish_python_topic/pub_node.py to pub_node.cpython-310.pyc
running install_data
running install_egg_info
removing '/home/amonk/MyWorkSpace/test/py_cpp/publish_python_topic/install/publish_python_topic/lib/python3.10/site-packages/publish_python_topic-0.0.0-py3.10.egg-info' (and everything under it)
Copying build/publish_python_topic/publish_python_topic.egg-info to /home/amonk/MyWorkSpace/test/py_cpp/publish_python_topic/install/publish_python_topic/lib/python3.10/site-packages/publish_python_topic-0.0.0-py3.10.egg-info
running install_scripts
Installing pub_node script to /home/amonk/MyWorkSpace/test/py_cpp/publish_python_topic/install/publish_python_topic/lib/publish_python_topic
writing list of installed files to '/home/amonk/MyWorkSpace/test/py_cpp/publish_python_topic/build/publish_python_topic/install.log'
