running egg_info
creating ../build/publish_python_topic/publish_python_topic.egg-info
writing ../build/publish_python_topic/publish_python_topic.egg-info/PKG-INFO
writing dependency_links to ../build/publish_python_topic/publish_python_topic.egg-info/dependency_links.txt
writing entry points to ../build/publish_python_topic/publish_python_topic.egg-info/entry_points.txt
writing requirements to ../build/publish_python_topic/publish_python_topic.egg-info/requires.txt
writing top-level names to ../build/publish_python_topic/publish_python_topic.egg-info/top_level.txt
writing manifest file '../build/publish_python_topic/publish_python_topic.egg-info/SOURCES.txt'
reading manifest file '../build/publish_python_topic/publish_python_topic.egg-info/SOURCES.txt'
adding license file 'LICENSE'
writing manifest file '../build/publish_python_topic/publish_python_topic.egg-info/SOURCES.txt'
running build
running build_py
creating /home/amonk/MyWorkSpace/test/py_cpp/build/publish_python_topic/build
creating /home/amonk/MyWorkSpace/test/py_cpp/build/publish_python_topic/build/lib
creating /home/amonk/MyWorkSpace/test/py_cpp/build/publish_python_topic/build/lib/publish_python_topic
copying publish_python_topic/__init__.py -> /home/amonk/MyWorkSpace/test/py_cpp/build/publish_python_topic/build/lib/publish_python_topic
copying publish_python_topic/pub_node.py -> /home/amonk/MyWorkSpace/test/py_cpp/build/publish_python_topic/build/lib/publish_python_topic
running install
running install_lib
creating /home/amonk/MyWorkSpace/test/py_cpp/install/publish_python_topic/lib/python3.10/site-packages/publish_python_topic
copying /home/amonk/MyWorkSpace/test/py_cpp/build/publish_python_topic/build/lib/publish_python_topic/__init__.py -> /home/amonk/MyWorkSpace/test/py_cpp/install/publish_python_topic/lib/python3.10/site-packages/publish_python_topic
copying /home/amonk/MyWorkSpace/test/py_cpp/build/publish_python_topic/build/lib/publish_python_topic/pub_node.py -> /home/amonk/MyWorkSpace/test/py_cpp/install/publish_python_topic/lib/python3.10/site-packages/publish_python_topic
byte-compiling /home/amonk/MyWorkSpace/test/py_cpp/install/publish_python_topic/lib/python3.10/site-packages/publish_python_topic/__init__.py to __init__.cpython-310.pyc
byte-compiling /home/amonk/MyWorkSpace/test/py_cpp/install/publish_python_topic/lib/python3.10/site-packages/publish_python_topic/pub_node.py to pub_node.cpython-310.pyc
running install_data
creating /home/amonk/MyWorkSpace/test/py_cpp/install/publish_python_topic/share/ament_index
creating /home/amonk/MyWorkSpace/test/py_cpp/install/publish_python_topic/share/ament_index/resource_index
creating /home/amonk/MyWorkSpace/test/py_cpp/install/publish_python_topic/share/ament_index/resource_index/packages
copying resource/publish_python_topic -> /home/amonk/MyWorkSpace/test/py_cpp/install/publish_python_topic/share/ament_index/resource_index/packages
copying package.xml -> /home/amonk/MyWorkSpace/test/py_cpp/install/publish_python_topic/share/publish_python_topic
running install_egg_info
Copying ../build/publish_python_topic/publish_python_topic.egg-info to /home/amonk/MyWorkSpace/test/py_cpp/install/publish_python_topic/lib/python3.10/site-packages/publish_python_topic-0.0.0-py3.10.egg-info
running install_scripts
Installing pub_node script to /home/amonk/MyWorkSpace/test/py_cpp/install/publish_python_topic/lib/publish_python_topic
writing list of installed files to '/home/amonk/MyWorkSpace/test/py_cpp/build/publish_python_topic/install.log'
