[0.662s] Invoking command in '/home/amonk/MyWorkSpace/test/py_cpp/publish_python_topic': CONDA_PROMPT_MODIFIER=(uni_sdk_pythonEnv) PYTHONPATH=/home/amonk/MyWorkSpace/test/py_cpp/build/publish_python_topic/prefix_override:/usr/lib/python3/dist-packages/colcon_core/task/python/colcon_distutils_commands:/home/amonk/MyWorkSpace/test/py_cpp/install/publish_python_topic/lib/python3.10/site-packages:${PYTHONPATH} /usr/bin/python3 -W ignore:setup.py install is deprecated -W ignore:easy_install command is deprecated setup.py egg_info --egg-base ../build/publish_python_topic build --build-base /home/amonk/MyWorkSpace/test/py_cpp/build/publish_python_topic/build install --record /home/amonk/MyWorkSpace/test/py_cpp/build/publish_python_topic/install.log --single-version-externally-managed install_data
[0.805s] running egg_info
[0.805s] writing ../build/publish_python_topic/publish_python_topic.egg-info/PKG-INFO
[0.806s] writing dependency_links to ../build/publish_python_topic/publish_python_topic.egg-info/dependency_links.txt
[0.806s] writing entry points to ../build/publish_python_topic/publish_python_topic.egg-info/entry_points.txt
[0.806s] writing requirements to ../build/publish_python_topic/publish_python_topic.egg-info/requires.txt
[0.806s] writing top-level names to ../build/publish_python_topic/publish_python_topic.egg-info/top_level.txt
[0.807s] reading manifest file '../build/publish_python_topic/publish_python_topic.egg-info/SOURCES.txt'
[0.808s] adding license file 'LICENSE'
[0.808s] writing manifest file '../build/publish_python_topic/publish_python_topic.egg-info/SOURCES.txt'
[0.809s] running build
[0.809s] running build_py
[0.810s] copying publish_python_topic/pub_node.py -> /home/amonk/MyWorkSpace/test/py_cpp/build/publish_python_topic/build/lib/publish_python_topic
[0.810s] running install
[0.810s] running install_lib
[0.811s] copying /home/amonk/MyWorkSpace/test/py_cpp/build/publish_python_topic/build/lib/publish_python_topic/pub_node.py -> /home/amonk/MyWorkSpace/test/py_cpp/install/publish_python_topic/lib/python3.10/site-packages/publish_python_topic
[0.811s] byte-compiling /home/amonk/MyWorkSpace/test/py_cpp/install/publish_python_topic/lib/python3.10/site-packages/publish_python_topic/pub_node.py to pub_node.cpython-310.pyc
[0.812s] running install_data
[0.813s] running install_egg_info
[0.814s] removing '/home/amonk/MyWorkSpace/test/py_cpp/install/publish_python_topic/lib/python3.10/site-packages/publish_python_topic-0.0.0-py3.10.egg-info' (and everything under it)
[0.814s] Copying ../build/publish_python_topic/publish_python_topic.egg-info to /home/amonk/MyWorkSpace/test/py_cpp/install/publish_python_topic/lib/python3.10/site-packages/publish_python_topic-0.0.0-py3.10.egg-info
[0.815s] running install_scripts
[0.829s] Installing pub_node script to /home/amonk/MyWorkSpace/test/py_cpp/install/publish_python_topic/lib/publish_python_topic
[0.829s] writing list of installed files to '/home/amonk/MyWorkSpace/test/py_cpp/build/publish_python_topic/install.log'
[0.845s] Invoked command in '/home/amonk/MyWorkSpace/test/py_cpp/publish_python_topic' returned '0': CONDA_PROMPT_MODIFIER=(uni_sdk_pythonEnv) PYTHONPATH=/home/amonk/MyWorkSpace/test/py_cpp/build/publish_python_topic/prefix_override:/usr/lib/python3/dist-packages/colcon_core/task/python/colcon_distutils_commands:/home/amonk/MyWorkSpace/test/py_cpp/install/publish_python_topic/lib/python3.10/site-packages:${PYTHONPATH} /usr/bin/python3 -W ignore:setup.py install is deprecated -W ignore:easy_install command is deprecated setup.py egg_info --egg-base ../build/publish_python_topic build --build-base /home/amonk/MyWorkSpace/test/py_cpp/build/publish_python_topic/build install --record /home/amonk/MyWorkSpace/test/py_cpp/build/publish_python_topic/install.log --single-version-externally-managed install_data
