[0.276s] DEBUG:colcon:Command line arguments: ['/usr/bin/colcon', 'build']
[0.276s] DEBUG:colcon:Parsed command line arguments: Namespace(log_base=None, log_level=None, verb_name='build', build_base='build', install_base='install', merge_install=False, symlink_install=False, test_result_base=None, continue_on_error=False, executor='parallel', parallel_workers=8, event_handlers=None, ignore_user_meta=False, metas=['./colcon.meta'], base_paths=['.'], packages_ignore=None, packages_ignore_regex=None, paths=None, packages_up_to=None, packages_up_to_regex=None, packages_above=None, packages_above_and_dependencies=None, packages_above_depth=None, packages_select_by_dep=None, packages_skip_by_dep=None, packages_skip_up_to=None, packages_select_build_failed=False, packages_skip_build_finished=False, packages_select_test_failures=False, packages_skip_test_passed=False, packages_select=None, packages_skip=None, packages_select_regex=None, packages_skip_regex=None, packages_start=None, packages_end=None, allow_overriding=[], cmake_args=None, cmake_target=None, cmake_target_skip_unavailable=False, cmake_clean_cache=False, cmake_clean_first=False, cmake_force_configure=False, ament_cmake_args=None, catkin_cmake_args=None, catkin_skip_building_tests=False, verb_parser=<colcon_defaults.argument_parser.defaults.DefaultArgumentsDecorator object at 0x7b660091e6b0>, verb_extension=<colcon_core.verb.build.BuildVerb object at 0x7b6600afc070>, main=<bound method BuildVerb.main of <colcon_core.verb.build.BuildVerb object at 0x7b6600afc070>>)
[0.484s] Level 1:colcon.colcon_core.package_discovery:discover_packages(colcon_meta) check parameters
[0.484s] Level 1:colcon.colcon_core.package_discovery:discover_packages(recursive) check parameters
[0.484s] Level 1:colcon.colcon_core.package_discovery:discover_packages(ignore) check parameters
[0.484s] Level 1:colcon.colcon_core.package_discovery:discover_packages(path) check parameters
[0.484s] Level 1:colcon.colcon_core.package_discovery:discover_packages(colcon_meta) discover
[0.484s] Level 1:colcon.colcon_core.package_discovery:discover_packages(recursive) discover
[0.484s] INFO:colcon.colcon_core.package_discovery:Crawling recursively for packages in '/home/amonk/MyWorkSpace/test/py_cpp'
[0.484s] Level 1:colcon.colcon_core.package_identification:_identify(.) by extensions ['ignore', 'ignore_ament_install']
[0.484s] Level 1:colcon.colcon_core.package_identification:_identify(.) by extension 'ignore'
[0.484s] Level 1:colcon.colcon_core.package_identification:_identify(.) by extension 'ignore_ament_install'
[0.484s] Level 1:colcon.colcon_core.package_identification:_identify(.) by extensions ['colcon_pkg']
[0.484s] Level 1:colcon.colcon_core.package_identification:_identify(.) by extension 'colcon_pkg'
[0.484s] Level 1:colcon.colcon_core.package_identification:_identify(.) by extensions ['colcon_meta']
[0.484s] Level 1:colcon.colcon_core.package_identification:_identify(.) by extension 'colcon_meta'
[0.484s] Level 1:colcon.colcon_core.package_identification:_identify(.) by extensions ['ros']
[0.484s] Level 1:colcon.colcon_core.package_identification:_identify(.) by extension 'ros'
[0.495s] Level 1:colcon.colcon_core.package_identification:_identify(.) by extensions ['cmake', 'python']
[0.495s] Level 1:colcon.colcon_core.package_identification:_identify(.) by extension 'cmake'
[0.495s] Level 1:colcon.colcon_core.package_identification:_identify(.) by extension 'python'
[0.495s] Level 1:colcon.colcon_core.package_identification:_identify(.) by extensions ['python_setup_py']
[0.495s] Level 1:colcon.colcon_core.package_identification:_identify(.) by extension 'python_setup_py'
[0.495s] Level 1:colcon.colcon_core.package_identification:_identify(build) by extensions ['ignore', 'ignore_ament_install']
[0.495s] Level 1:colcon.colcon_core.package_identification:_identify(build) by extension 'ignore'
[0.496s] Level 1:colcon.colcon_core.package_identification:_identify(build) ignored
[0.496s] Level 1:colcon.colcon_core.package_identification:_identify(install) by extensions ['ignore', 'ignore_ament_install']
[0.496s] Level 1:colcon.colcon_core.package_identification:_identify(install) by extension 'ignore'
[0.496s] Level 1:colcon.colcon_core.package_identification:_identify(install) ignored
[0.496s] Level 1:colcon.colcon_core.package_identification:_identify(log) by extensions ['ignore', 'ignore_ament_install']
[0.496s] Level 1:colcon.colcon_core.package_identification:_identify(log) by extension 'ignore'
[0.496s] Level 1:colcon.colcon_core.package_identification:_identify(log) ignored
[0.496s] Level 1:colcon.colcon_core.package_identification:_identify(publish_python_topic) by extensions ['ignore', 'ignore_ament_install']
[0.496s] Level 1:colcon.colcon_core.package_identification:_identify(publish_python_topic) by extension 'ignore'
[0.496s] Level 1:colcon.colcon_core.package_identification:_identify(publish_python_topic) by extension 'ignore_ament_install'
[0.496s] Level 1:colcon.colcon_core.package_identification:_identify(publish_python_topic) by extensions ['colcon_pkg']
[0.496s] Level 1:colcon.colcon_core.package_identification:_identify(publish_python_topic) by extension 'colcon_pkg'
[0.496s] Level 1:colcon.colcon_core.package_identification:_identify(publish_python_topic) by extensions ['colcon_meta']
[0.496s] Level 1:colcon.colcon_core.package_identification:_identify(publish_python_topic) by extension 'colcon_meta'
[0.496s] Level 1:colcon.colcon_core.package_identification:_identify(publish_python_topic) by extensions ['ros']
[0.496s] Level 1:colcon.colcon_core.package_identification:_identify(publish_python_topic) by extension 'ros'
[0.500s] DEBUG:colcon.colcon_core.package_identification:Package 'publish_python_topic' with type 'ros.ament_python' and name 'publish_python_topic'
[0.500s] Level 1:colcon.colcon_core.package_identification:_identify(sub_cpp_topic) by extensions ['ignore', 'ignore_ament_install']
[0.500s] Level 1:colcon.colcon_core.package_identification:_identify(sub_cpp_topic) by extension 'ignore'
[0.500s] Level 1:colcon.colcon_core.package_identification:_identify(sub_cpp_topic) by extension 'ignore_ament_install'
[0.500s] Level 1:colcon.colcon_core.package_identification:_identify(sub_cpp_topic) by extensions ['colcon_pkg']
[0.500s] Level 1:colcon.colcon_core.package_identification:_identify(sub_cpp_topic) by extension 'colcon_pkg'
[0.500s] Level 1:colcon.colcon_core.package_identification:_identify(sub_cpp_topic) by extensions ['colcon_meta']
[0.500s] Level 1:colcon.colcon_core.package_identification:_identify(sub_cpp_topic) by extension 'colcon_meta'
[0.500s] Level 1:colcon.colcon_core.package_identification:_identify(sub_cpp_topic) by extensions ['ros']
[0.500s] Level 1:colcon.colcon_core.package_identification:_identify(sub_cpp_topic) by extension 'ros'
[0.501s] DEBUG:colcon.colcon_core.package_identification:Package 'sub_cpp_topic' with type 'ros.ament_cmake' and name 'sub_cpp_topic'
[0.501s] Level 1:colcon.colcon_core.package_discovery:discover_packages(recursive) using defaults
[0.501s] Level 1:colcon.colcon_core.package_discovery:discover_packages(ignore) discover
[0.501s] Level 1:colcon.colcon_core.package_discovery:discover_packages(ignore) using defaults
[0.501s] Level 1:colcon.colcon_core.package_discovery:discover_packages(path) discover
[0.501s] Level 1:colcon.colcon_core.package_discovery:discover_packages(path) using defaults
[0.539s] Level 1:colcon.colcon_core.package_discovery:discover_packages(prefix_path) check parameters
[0.539s] Level 1:colcon.colcon_core.package_discovery:discover_packages(prefix_path) discover
[0.548s] DEBUG:colcon.colcon_installed_package_information.package_discovery:Found 4 installed packages in /home/amonk/MyWorkSpace/Unitree/UnitreeRos2/unitree_ros2/cyclonedds_ws/install
[0.550s] DEBUG:colcon.colcon_installed_package_information.package_discovery:Found 272 installed packages in /opt/ros/humble
[0.551s] Level 1:colcon.colcon_core.package_discovery:discover_packages(prefix_path) using defaults
[0.630s] Level 5:colcon.colcon_core.verb:set package 'publish_python_topic' build argument 'cmake_args' from command line to 'None'
[0.630s] Level 5:colcon.colcon_core.verb:set package 'publish_python_topic' build argument 'cmake_target' from command line to 'None'
[0.630s] Level 5:colcon.colcon_core.verb:set package 'publish_python_topic' build argument 'cmake_target_skip_unavailable' from command line to 'False'
[0.631s] Level 5:colcon.colcon_core.verb:set package 'publish_python_topic' build argument 'cmake_clean_cache' from command line to 'False'
[0.631s] Level 5:colcon.colcon_core.verb:set package 'publish_python_topic' build argument 'cmake_clean_first' from command line to 'False'
[0.631s] Level 5:colcon.colcon_core.verb:set package 'publish_python_topic' build argument 'cmake_force_configure' from command line to 'False'
[0.631s] Level 5:colcon.colcon_core.verb:set package 'publish_python_topic' build argument 'ament_cmake_args' from command line to 'None'
[0.631s] Level 5:colcon.colcon_core.verb:set package 'publish_python_topic' build argument 'catkin_cmake_args' from command line to 'None'
[0.631s] Level 5:colcon.colcon_core.verb:set package 'publish_python_topic' build argument 'catkin_skip_building_tests' from command line to 'False'
[0.631s] DEBUG:colcon.colcon_core.verb:Building package 'publish_python_topic' with the following arguments: {'ament_cmake_args': None, 'build_base': '/home/amonk/MyWorkSpace/test/py_cpp/build/publish_python_topic', 'catkin_cmake_args': None, 'catkin_skip_building_tests': False, 'cmake_args': None, 'cmake_clean_cache': False, 'cmake_clean_first': False, 'cmake_force_configure': False, 'cmake_target': None, 'cmake_target_skip_unavailable': False, 'install_base': '/home/amonk/MyWorkSpace/test/py_cpp/install/publish_python_topic', 'merge_install': False, 'path': '/home/amonk/MyWorkSpace/test/py_cpp/publish_python_topic', 'symlink_install': False, 'test_result_base': None}
[0.631s] Level 5:colcon.colcon_core.verb:set package 'sub_cpp_topic' build argument 'cmake_args' from command line to 'None'
[0.631s] Level 5:colcon.colcon_core.verb:set package 'sub_cpp_topic' build argument 'cmake_target' from command line to 'None'
[0.631s] Level 5:colcon.colcon_core.verb:set package 'sub_cpp_topic' build argument 'cmake_target_skip_unavailable' from command line to 'False'
[0.631s] Level 5:colcon.colcon_core.verb:set package 'sub_cpp_topic' build argument 'cmake_clean_cache' from command line to 'False'
[0.631s] Level 5:colcon.colcon_core.verb:set package 'sub_cpp_topic' build argument 'cmake_clean_first' from command line to 'False'
[0.631s] Level 5:colcon.colcon_core.verb:set package 'sub_cpp_topic' build argument 'cmake_force_configure' from command line to 'False'
[0.631s] Level 5:colcon.colcon_core.verb:set package 'sub_cpp_topic' build argument 'ament_cmake_args' from command line to 'None'
[0.631s] Level 5:colcon.colcon_core.verb:set package 'sub_cpp_topic' build argument 'catkin_cmake_args' from command line to 'None'
[0.631s] Level 5:colcon.colcon_core.verb:set package 'sub_cpp_topic' build argument 'catkin_skip_building_tests' from command line to 'False'
[0.631s] DEBUG:colcon.colcon_core.verb:Building package 'sub_cpp_topic' with the following arguments: {'ament_cmake_args': None, 'build_base': '/home/amonk/MyWorkSpace/test/py_cpp/build/sub_cpp_topic', 'catkin_cmake_args': None, 'catkin_skip_building_tests': False, 'cmake_args': None, 'cmake_clean_cache': False, 'cmake_clean_first': False, 'cmake_force_configure': False, 'cmake_target': None, 'cmake_target_skip_unavailable': False, 'install_base': '/home/amonk/MyWorkSpace/test/py_cpp/install/sub_cpp_topic', 'merge_install': False, 'path': '/home/amonk/MyWorkSpace/test/py_cpp/sub_cpp_topic', 'symlink_install': False, 'test_result_base': None}
[0.631s] INFO:colcon.colcon_core.executor:Executing jobs using 'parallel' executor
[0.632s] DEBUG:colcon.colcon_parallel_executor.executor.parallel:run_until_complete
[0.632s] INFO:colcon.colcon_ros.task.ament_python.build:Building ROS package in '/home/amonk/MyWorkSpace/test/py_cpp/publish_python_topic' with build type 'ament_python'
[0.632s] Level 1:colcon.colcon_core.shell:create_environment_hook('publish_python_topic', 'ament_prefix_path')
[0.638s] INFO:colcon.colcon_core.plugin_system:Skipping extension 'colcon_core.shell.bat': Not used on non-Windows systems
[0.638s] INFO:colcon.colcon_core.shell:Creating environment hook '/home/amonk/MyWorkSpace/test/py_cpp/install/publish_python_topic/share/publish_python_topic/hook/ament_prefix_path.ps1'
[0.640s] INFO:colcon.colcon_core.shell:Creating environment descriptor '/home/amonk/MyWorkSpace/test/py_cpp/install/publish_python_topic/share/publish_python_topic/hook/ament_prefix_path.dsv'
[0.641s] INFO:colcon.colcon_core.shell:Creating environment hook '/home/amonk/MyWorkSpace/test/py_cpp/install/publish_python_topic/share/publish_python_topic/hook/ament_prefix_path.sh'
[0.642s] INFO:colcon.colcon_core.shell:Skip shell extension 'powershell' for command environment: Not usable outside of PowerShell
[0.642s] DEBUG:colcon.colcon_core.shell:Skip shell extension 'dsv' for command environment
[0.646s] INFO:colcon.colcon_ros.task.ament_cmake.build:Building ROS package in '/home/amonk/MyWorkSpace/test/py_cpp/sub_cpp_topic' with build type 'ament_cmake'
[0.646s] INFO:colcon.colcon_cmake.task.cmake.build:Building CMake package in '/home/amonk/MyWorkSpace/test/py_cpp/sub_cpp_topic'
[0.646s] INFO:colcon.colcon_core.shell:Skip shell extension 'powershell' for command environment: Not usable outside of PowerShell
[0.646s] DEBUG:colcon.colcon_core.shell:Skip shell extension 'dsv' for command environment
[0.821s] INFO:colcon.colcon_core.task.python.build:Building Python package in '/home/amonk/MyWorkSpace/test/py_cpp/publish_python_topic'
[0.822s] INFO:colcon.colcon_core.shell:Skip shell extension 'powershell' for command environment: Not usable outside of PowerShell
[0.822s] DEBUG:colcon.colcon_core.shell:Skip shell extension 'dsv' for command environment
[0.827s] DEBUG:colcon.colcon_core.event_handler.log_command:Invoking command in '/home/amonk/MyWorkSpace/test/py_cpp/build/sub_cpp_topic': CMAKE_PREFIX_PATH=${CMAKE_PREFIX_PATH}:/opt/ros/humble CONDA_PROMPT_MODIFIER=(uni_sdk_pythonEnv) /usr/bin/cmake --build /home/amonk/MyWorkSpace/test/py_cpp/build/sub_cpp_topic -- -j8 -l8
[0.999s] DEBUG:colcon.colcon_core.event_handler.log_command:Invoked command in '/home/amonk/MyWorkSpace/test/py_cpp/build/sub_cpp_topic' returned '0': CMAKE_PREFIX_PATH=${CMAKE_PREFIX_PATH}:/opt/ros/humble CONDA_PROMPT_MODIFIER=(uni_sdk_pythonEnv) /usr/bin/cmake --build /home/amonk/MyWorkSpace/test/py_cpp/build/sub_cpp_topic -- -j8 -l8
[1.007s] DEBUG:colcon.colcon_core.event_handler.log_command:Invoking command in '/home/amonk/MyWorkSpace/test/py_cpp/build/sub_cpp_topic': CMAKE_PREFIX_PATH=${CMAKE_PREFIX_PATH}:/opt/ros/humble CONDA_PROMPT_MODIFIER=(uni_sdk_pythonEnv) /usr/bin/cmake --install /home/amonk/MyWorkSpace/test/py_cpp/build/sub_cpp_topic
[1.020s] Level 1:colcon.colcon_core.environment:create_environment_scripts_only(sub_cpp_topic)
[1.020s] DEBUG:colcon.colcon_core.event_handler.log_command:Invoked command in '/home/amonk/MyWorkSpace/test/py_cpp/build/sub_cpp_topic' returned '0': CMAKE_PREFIX_PATH=${CMAKE_PREFIX_PATH}:/opt/ros/humble CONDA_PROMPT_MODIFIER=(uni_sdk_pythonEnv) /usr/bin/cmake --install /home/amonk/MyWorkSpace/test/py_cpp/build/sub_cpp_topic
[1.027s] Level 1:colcon.colcon_core.environment:checking '/home/amonk/MyWorkSpace/test/py_cpp/install/sub_cpp_topic' for CMake module files
[1.027s] Level 1:colcon.colcon_core.environment:checking '/home/amonk/MyWorkSpace/test/py_cpp/install/sub_cpp_topic' for CMake config files
[1.027s] Level 1:colcon.colcon_core.shell:create_environment_hook('sub_cpp_topic', 'cmake_prefix_path')
[1.028s] INFO:colcon.colcon_core.shell:Creating environment hook '/home/amonk/MyWorkSpace/test/py_cpp/install/sub_cpp_topic/share/sub_cpp_topic/hook/cmake_prefix_path.ps1'
[1.028s] INFO:colcon.colcon_core.shell:Creating environment descriptor '/home/amonk/MyWorkSpace/test/py_cpp/install/sub_cpp_topic/share/sub_cpp_topic/hook/cmake_prefix_path.dsv'
[1.029s] INFO:colcon.colcon_core.shell:Creating environment hook '/home/amonk/MyWorkSpace/test/py_cpp/install/sub_cpp_topic/share/sub_cpp_topic/hook/cmake_prefix_path.sh'
[1.029s] Level 1:colcon.colcon_core.environment:checking '/home/amonk/MyWorkSpace/test/py_cpp/install/sub_cpp_topic/lib'
[1.029s] Level 1:colcon.colcon_core.environment:checking '/home/amonk/MyWorkSpace/test/py_cpp/install/sub_cpp_topic/bin'
[1.029s] Level 1:colcon.colcon_core.environment:checking '/home/amonk/MyWorkSpace/test/py_cpp/install/sub_cpp_topic/lib/pkgconfig/sub_cpp_topic.pc'
[1.029s] Level 1:colcon.colcon_core.environment:checking '/home/amonk/MyWorkSpace/test/py_cpp/install/sub_cpp_topic/lib/python3.10/site-packages'
[1.030s] Level 1:colcon.colcon_core.environment:checking '/home/amonk/MyWorkSpace/test/py_cpp/install/sub_cpp_topic/bin'
[1.030s] INFO:colcon.colcon_core.shell:Creating package script '/home/amonk/MyWorkSpace/test/py_cpp/install/sub_cpp_topic/share/sub_cpp_topic/package.ps1'
[1.031s] INFO:colcon.colcon_core.shell:Creating package descriptor '/home/amonk/MyWorkSpace/test/py_cpp/install/sub_cpp_topic/share/sub_cpp_topic/package.dsv'
[1.031s] INFO:colcon.colcon_core.shell:Creating package script '/home/amonk/MyWorkSpace/test/py_cpp/install/sub_cpp_topic/share/sub_cpp_topic/package.sh'
[1.032s] INFO:colcon.colcon_core.shell:Creating package script '/home/amonk/MyWorkSpace/test/py_cpp/install/sub_cpp_topic/share/sub_cpp_topic/package.bash'
[1.033s] INFO:colcon.colcon_core.shell:Creating package script '/home/amonk/MyWorkSpace/test/py_cpp/install/sub_cpp_topic/share/sub_cpp_topic/package.zsh'
[1.034s] Level 1:colcon.colcon_core.environment:create_file_with_runtime_dependencies(/home/amonk/MyWorkSpace/test/py_cpp/install/sub_cpp_topic/share/colcon-core/packages/sub_cpp_topic)
[1.035s] Level 1:colcon.colcon_core.environment:create_environment_scripts_only(sub_cpp_topic)
[1.035s] Level 1:colcon.colcon_core.environment:checking '/home/amonk/MyWorkSpace/test/py_cpp/install/sub_cpp_topic' for CMake module files
[1.036s] Level 1:colcon.colcon_core.environment:checking '/home/amonk/MyWorkSpace/test/py_cpp/install/sub_cpp_topic' for CMake config files
[1.036s] Level 1:colcon.colcon_core.shell:create_environment_hook('sub_cpp_topic', 'cmake_prefix_path')
[1.036s] INFO:colcon.colcon_core.shell:Creating environment hook '/home/amonk/MyWorkSpace/test/py_cpp/install/sub_cpp_topic/share/sub_cpp_topic/hook/cmake_prefix_path.ps1'
[1.036s] INFO:colcon.colcon_core.shell:Creating environment descriptor '/home/amonk/MyWorkSpace/test/py_cpp/install/sub_cpp_topic/share/sub_cpp_topic/hook/cmake_prefix_path.dsv'
[1.037s] INFO:colcon.colcon_core.shell:Creating environment hook '/home/amonk/MyWorkSpace/test/py_cpp/install/sub_cpp_topic/share/sub_cpp_topic/hook/cmake_prefix_path.sh'
[1.037s] Level 1:colcon.colcon_core.environment:checking '/home/amonk/MyWorkSpace/test/py_cpp/install/sub_cpp_topic/lib'
[1.037s] Level 1:colcon.colcon_core.environment:checking '/home/amonk/MyWorkSpace/test/py_cpp/install/sub_cpp_topic/bin'
[1.037s] Level 1:colcon.colcon_core.environment:checking '/home/amonk/MyWorkSpace/test/py_cpp/install/sub_cpp_topic/lib/pkgconfig/sub_cpp_topic.pc'
[1.037s] Level 1:colcon.colcon_core.environment:checking '/home/amonk/MyWorkSpace/test/py_cpp/install/sub_cpp_topic/lib/python3.10/site-packages'
[1.037s] Level 1:colcon.colcon_core.environment:checking '/home/amonk/MyWorkSpace/test/py_cpp/install/sub_cpp_topic/bin'
[1.038s] INFO:colcon.colcon_core.shell:Creating package script '/home/amonk/MyWorkSpace/test/py_cpp/install/sub_cpp_topic/share/sub_cpp_topic/package.ps1'
[1.038s] INFO:colcon.colcon_core.shell:Creating package descriptor '/home/amonk/MyWorkSpace/test/py_cpp/install/sub_cpp_topic/share/sub_cpp_topic/package.dsv'
[1.038s] INFO:colcon.colcon_core.shell:Creating package script '/home/amonk/MyWorkSpace/test/py_cpp/install/sub_cpp_topic/share/sub_cpp_topic/package.sh'
[1.039s] INFO:colcon.colcon_core.shell:Creating package script '/home/amonk/MyWorkSpace/test/py_cpp/install/sub_cpp_topic/share/sub_cpp_topic/package.bash'
[1.039s] INFO:colcon.colcon_core.shell:Creating package script '/home/amonk/MyWorkSpace/test/py_cpp/install/sub_cpp_topic/share/sub_cpp_topic/package.zsh'
[1.039s] Level 1:colcon.colcon_core.environment:create_file_with_runtime_dependencies(/home/amonk/MyWorkSpace/test/py_cpp/install/sub_cpp_topic/share/colcon-core/packages/sub_cpp_topic)
[1.295s] DEBUG:colcon.colcon_core.event_handler.log_command:Invoking command in '/home/amonk/MyWorkSpace/test/py_cpp/publish_python_topic': CONDA_PROMPT_MODIFIER=(uni_sdk_pythonEnv) PYTHONPATH=/home/amonk/MyWorkSpace/test/py_cpp/build/publish_python_topic/prefix_override:/usr/lib/python3/dist-packages/colcon_core/task/python/colcon_distutils_commands:/home/amonk/MyWorkSpace/test/py_cpp/install/publish_python_topic/lib/python3.10/site-packages:${PYTHONPATH} /usr/bin/python3 -W ignore:setup.py install is deprecated -W ignore:easy_install command is deprecated setup.py egg_info --egg-base ../build/publish_python_topic build --build-base /home/amonk/MyWorkSpace/test/py_cpp/build/publish_python_topic/build install --record /home/amonk/MyWorkSpace/test/py_cpp/build/publish_python_topic/install.log --single-version-externally-managed install_data
[1.477s] Level 1:colcon.colcon_core.environment:checking '/home/amonk/MyWorkSpace/test/py_cpp/install/publish_python_topic' for CMake module files
[1.478s] DEBUG:colcon.colcon_core.event_handler.log_command:Invoked command in '/home/amonk/MyWorkSpace/test/py_cpp/publish_python_topic' returned '0': CONDA_PROMPT_MODIFIER=(uni_sdk_pythonEnv) PYTHONPATH=/home/amonk/MyWorkSpace/test/py_cpp/build/publish_python_topic/prefix_override:/usr/lib/python3/dist-packages/colcon_core/task/python/colcon_distutils_commands:/home/amonk/MyWorkSpace/test/py_cpp/install/publish_python_topic/lib/python3.10/site-packages:${PYTHONPATH} /usr/bin/python3 -W ignore:setup.py install is deprecated -W ignore:easy_install command is deprecated setup.py egg_info --egg-base ../build/publish_python_topic build --build-base /home/amonk/MyWorkSpace/test/py_cpp/build/publish_python_topic/build install --record /home/amonk/MyWorkSpace/test/py_cpp/build/publish_python_topic/install.log --single-version-externally-managed install_data
[1.478s] Level 1:colcon.colcon_core.environment:checking '/home/amonk/MyWorkSpace/test/py_cpp/install/publish_python_topic' for CMake config files
[1.479s] Level 1:colcon.colcon_core.environment:checking '/home/amonk/MyWorkSpace/test/py_cpp/install/publish_python_topic/lib'
[1.479s] Level 1:colcon.colcon_core.environment:checking '/home/amonk/MyWorkSpace/test/py_cpp/install/publish_python_topic/bin'
[1.479s] Level 1:colcon.colcon_core.environment:checking '/home/amonk/MyWorkSpace/test/py_cpp/install/publish_python_topic/lib/pkgconfig/publish_python_topic.pc'
[1.479s] Level 1:colcon.colcon_core.environment:checking '/home/amonk/MyWorkSpace/test/py_cpp/install/publish_python_topic/lib/python3.10/site-packages'
[1.479s] Level 1:colcon.colcon_core.shell:create_environment_hook('publish_python_topic', 'pythonpath')
[1.479s] INFO:colcon.colcon_core.shell:Creating environment hook '/home/amonk/MyWorkSpace/test/py_cpp/install/publish_python_topic/share/publish_python_topic/hook/pythonpath.ps1'
[1.480s] INFO:colcon.colcon_core.shell:Creating environment descriptor '/home/amonk/MyWorkSpace/test/py_cpp/install/publish_python_topic/share/publish_python_topic/hook/pythonpath.dsv'
[1.480s] INFO:colcon.colcon_core.shell:Creating environment hook '/home/amonk/MyWorkSpace/test/py_cpp/install/publish_python_topic/share/publish_python_topic/hook/pythonpath.sh'
[1.481s] Level 1:colcon.colcon_core.environment:checking '/home/amonk/MyWorkSpace/test/py_cpp/install/publish_python_topic/bin'
[1.481s] Level 1:colcon.colcon_core.environment:create_environment_scripts_only(publish_python_topic)
[1.481s] INFO:colcon.colcon_core.shell:Creating package script '/home/amonk/MyWorkSpace/test/py_cpp/install/publish_python_topic/share/publish_python_topic/package.ps1'
[1.481s] INFO:colcon.colcon_core.shell:Creating package descriptor '/home/amonk/MyWorkSpace/test/py_cpp/install/publish_python_topic/share/publish_python_topic/package.dsv'
[1.482s] INFO:colcon.colcon_core.shell:Creating package script '/home/amonk/MyWorkSpace/test/py_cpp/install/publish_python_topic/share/publish_python_topic/package.sh'
[1.482s] INFO:colcon.colcon_core.shell:Creating package script '/home/amonk/MyWorkSpace/test/py_cpp/install/publish_python_topic/share/publish_python_topic/package.bash'
[1.483s] INFO:colcon.colcon_core.shell:Creating package script '/home/amonk/MyWorkSpace/test/py_cpp/install/publish_python_topic/share/publish_python_topic/package.zsh'
[1.483s] Level 1:colcon.colcon_core.environment:create_file_with_runtime_dependencies(/home/amonk/MyWorkSpace/test/py_cpp/install/publish_python_topic/share/colcon-core/packages/publish_python_topic)
[1.483s] DEBUG:colcon.colcon_parallel_executor.executor.parallel:closing loop
[1.484s] DEBUG:colcon.colcon_parallel_executor.executor.parallel:loop closed
[1.484s] DEBUG:colcon.colcon_parallel_executor.executor.parallel:run_until_complete finished with '0'
[1.484s] DEBUG:colcon.colcon_core.event_reactor:joining thread
[1.494s] INFO:colcon.colcon_core.plugin_system:Skipping extension 'colcon_notification.desktop_notification.terminal_notifier': Not used on non-Darwin systems
[1.494s] INFO:colcon.colcon_core.plugin_system:Skipping extension 'colcon_notification.desktop_notification.win32': Not used on non-Windows systems
[1.494s] INFO:colcon.colcon_notification.desktop_notification:Sending desktop notification using 'notify2'
[1.625s] DEBUG:colcon.colcon_core.event_reactor:joined thread
[1.626s] INFO:colcon.colcon_core.shell:Creating prefix script '/home/amonk/MyWorkSpace/test/py_cpp/install/local_setup.ps1'
[1.627s] INFO:colcon.colcon_core.shell:Creating prefix util module '/home/amonk/MyWorkSpace/test/py_cpp/install/_local_setup_util_ps1.py'
[1.628s] INFO:colcon.colcon_core.shell:Creating prefix chain script '/home/amonk/MyWorkSpace/test/py_cpp/install/setup.ps1'
[1.629s] INFO:colcon.colcon_core.shell:Creating prefix script '/home/amonk/MyWorkSpace/test/py_cpp/install/local_setup.sh'
[1.630s] INFO:colcon.colcon_core.shell:Creating prefix util module '/home/amonk/MyWorkSpace/test/py_cpp/install/_local_setup_util_sh.py'
[1.631s] INFO:colcon.colcon_core.shell:Creating prefix chain script '/home/amonk/MyWorkSpace/test/py_cpp/install/setup.sh'
[1.632s] INFO:colcon.colcon_core.shell:Creating prefix script '/home/amonk/MyWorkSpace/test/py_cpp/install/local_setup.bash'
[1.633s] INFO:colcon.colcon_core.shell:Creating prefix chain script '/home/amonk/MyWorkSpace/test/py_cpp/install/setup.bash'
[1.634s] INFO:colcon.colcon_core.shell:Creating prefix script '/home/amonk/MyWorkSpace/test/py_cpp/install/local_setup.zsh'
[1.634s] INFO:colcon.colcon_core.shell:Creating prefix chain script '/home/amonk/MyWorkSpace/test/py_cpp/install/setup.zsh'
