[0.474s] Invoking command in '/home/amonk/MyWorkSpace/test/py_cpp/publish_python_topic': PYTHONPATH=/home/amonk/MyWorkSpace/test/py_cpp/publish_python_topic/build/publish_python_topic/prefix_override:/usr/lib/python3/dist-packages/colcon_core/task/python/colcon_distutils_commands:/home/amonk/MyWorkSpace/test/py_cpp/publish_python_topic/install/publish_python_topic/lib/python3.10/site-packages:${PYTHONPATH} /usr/bin/python3 -W ignore:setup.py install is deprecated -W ignore:easy_install command is deprecated setup.py egg_info --egg-base build/publish_python_topic build --build-base /home/amonk/MyWorkSpace/test/py_cpp/publish_python_topic/build/publish_python_topic/build install --record /home/amonk/MyWorkSpace/test/py_cpp/publish_python_topic/build/publish_python_topic/install.log --single-version-externally-managed install_data
[0.618s] running egg_info
[0.618s] creating build/publish_python_topic/publish_python_topic.egg-info
[0.618s] writing build/publish_python_topic/publish_python_topic.egg-info/PKG-INFO
[0.619s] writing dependency_links to build/publish_python_topic/publish_python_topic.egg-info/dependency_links.txt
[0.619s] writing entry points to build/publish_python_topic/publish_python_topic.egg-info/entry_points.txt
[0.619s] writing requirements to build/publish_python_topic/publish_python_topic.egg-info/requires.txt
[0.619s] writing top-level names to build/publish_python_topic/publish_python_topic.egg-info/top_level.txt
[0.619s] writing manifest file 'build/publish_python_topic/publish_python_topic.egg-info/SOURCES.txt'
[0.620s] reading manifest file 'build/publish_python_topic/publish_python_topic.egg-info/SOURCES.txt'
[0.620s] adding license file 'LICENSE'
[0.620s] writing manifest file 'build/publish_python_topic/publish_python_topic.egg-info/SOURCES.txt'
[0.620s] running build
[0.620s] running build_py
[0.621s] creating /home/amonk/MyWorkSpace/test/py_cpp/publish_python_topic/build/publish_python_topic/build
[0.621s] creating /home/amonk/MyWorkSpace/test/py_cpp/publish_python_topic/build/publish_python_topic/build/lib
[0.621s] creating /home/amonk/MyWorkSpace/test/py_cpp/publish_python_topic/build/publish_python_topic/build/lib/publish_python_topic
[0.621s] copying publish_python_topic/__init__.py -> /home/amonk/MyWorkSpace/test/py_cpp/publish_python_topic/build/publish_python_topic/build/lib/publish_python_topic
[0.621s] copying publish_python_topic/pub_node.py -> /home/amonk/MyWorkSpace/test/py_cpp/publish_python_topic/build/publish_python_topic/build/lib/publish_python_topic
[0.621s] running install
[0.621s] running install_lib
[0.622s] creating /home/amonk/MyWorkSpace/test/py_cpp/publish_python_topic/install/publish_python_topic/lib/python3.10/site-packages/publish_python_topic
[0.622s] copying /home/amonk/MyWorkSpace/test/py_cpp/publish_python_topic/build/publish_python_topic/build/lib/publish_python_topic/__init__.py -> /home/amonk/MyWorkSpace/test/py_cpp/publish_python_topic/install/publish_python_topic/lib/python3.10/site-packages/publish_python_topic
[0.622s] copying /home/amonk/MyWorkSpace/test/py_cpp/publish_python_topic/build/publish_python_topic/build/lib/publish_python_topic/pub_node.py -> /home/amonk/MyWorkSpace/test/py_cpp/publish_python_topic/install/publish_python_topic/lib/python3.10/site-packages/publish_python_topic
[0.622s] byte-compiling /home/amonk/MyWorkSpace/test/py_cpp/publish_python_topic/install/publish_python_topic/lib/python3.10/site-packages/publish_python_topic/__init__.py to __init__.cpython-310.pyc
[0.623s] byte-compiling /home/amonk/MyWorkSpace/test/py_cpp/publish_python_topic/install/publish_python_topic/lib/python3.10/site-packages/publish_python_topic/pub_node.py to pub_node.cpython-310.pyc
[0.623s] running install_data
[0.624s] creating /home/amonk/MyWorkSpace/test/py_cpp/publish_python_topic/install/publish_python_topic/share/ament_index
[0.624s] creating /home/amonk/MyWorkSpace/test/py_cpp/publish_python_topic/install/publish_python_topic/share/ament_index/resource_index
[0.624s] creating /home/amonk/MyWorkSpace/test/py_cpp/publish_python_topic/install/publish_python_topic/share/ament_index/resource_index/packages
[0.624s] copying resource/publish_python_topic -> /home/amonk/MyWorkSpace/test/py_cpp/publish_python_topic/install/publish_python_topic/share/ament_index/resource_index/packages
[0.624s] copying package.xml -> /home/amonk/MyWorkSpace/test/py_cpp/publish_python_topic/install/publish_python_topic/share/publish_python_topic
[0.624s] running install_egg_info
[0.625s] Copying build/publish_python_topic/publish_python_topic.egg-info to /home/amonk/MyWorkSpace/test/py_cpp/publish_python_topic/install/publish_python_topic/lib/python3.10/site-packages/publish_python_topic-0.0.0-py3.10.egg-info
[0.626s] running install_scripts
[0.639s] Installing pub_node script to /home/amonk/MyWorkSpace/test/py_cpp/publish_python_topic/install/publish_python_topic/lib/publish_python_topic
[0.639s] writing list of installed files to '/home/amonk/MyWorkSpace/test/py_cpp/publish_python_topic/build/publish_python_topic/install.log'
[0.654s] Invoked command in '/home/amonk/MyWorkSpace/test/py_cpp/publish_python_topic' returned '0': PYTHONPATH=/home/amonk/MyWorkSpace/test/py_cpp/publish_python_topic/build/publish_python_topic/prefix_override:/usr/lib/python3/dist-packages/colcon_core/task/python/colcon_distutils_commands:/home/amonk/MyWorkSpace/test/py_cpp/publish_python_topic/install/publish_python_topic/lib/python3.10/site-packages:${PYTHONPATH} /usr/bin/python3 -W ignore:setup.py install is deprecated -W ignore:easy_install command is deprecated setup.py egg_info --egg-base build/publish_python_topic build --build-base /home/amonk/MyWorkSpace/test/py_cpp/publish_python_topic/build/publish_python_topic/build install --record /home/amonk/MyWorkSpace/test/py_cpp/publish_python_topic/build/publish_python_topic/install.log --single-version-externally-managed install_data
