[0.064s] DEBUG:colcon:Command line arguments: ['/usr/bin/colcon', 'build']
[0.064s] DEBUG:colcon:Parsed command line arguments: Namespace(log_base=None, log_level=None, verb_name='build', build_base='build', install_base='install', merge_install=False, symlink_install=False, test_result_base=None, continue_on_error=False, executor='parallel', parallel_workers=8, event_handlers=None, ignore_user_meta=False, metas=['./colcon.meta'], base_paths=['.'], packages_ignore=None, packages_ignore_regex=None, paths=None, packages_up_to=None, packages_up_to_regex=None, packages_above=None, packages_above_and_dependencies=None, packages_above_depth=None, packages_select_by_dep=None, packages_skip_by_dep=None, packages_skip_up_to=None, packages_select_build_failed=False, packages_skip_build_finished=False, packages_select_test_failures=False, packages_skip_test_passed=False, packages_select=None, packages_skip=None, packages_select_regex=None, packages_skip_regex=None, packages_start=None, packages_end=None, allow_overriding=[], cmake_args=None, cmake_target=None, cmake_target_skip_unavailable=False, cmake_clean_cache=False, cmake_clean_first=False, cmake_force_configure=False, ament_cmake_args=None, catkin_cmake_args=None, catkin_skip_building_tests=False, verb_parser=<colcon_defaults.argument_parser.defaults.DefaultArgumentsDecorator object at 0x7b00bc84a290>, verb_extension=<colcon_core.verb.build.BuildVerb object at 0x7b00bc9fc880>, main=<bound method BuildVerb.main of <colcon_core.verb.build.BuildVerb object at 0x7b00bc9fc880>>)
[0.162s] Level 1:colcon.colcon_core.package_discovery:discover_packages(colcon_meta) check parameters
[0.162s] Level 1:colcon.colcon_core.package_discovery:discover_packages(recursive) check parameters
[0.162s] Level 1:colcon.colcon_core.package_discovery:discover_packages(ignore) check parameters
[0.162s] Level 1:colcon.colcon_core.package_discovery:discover_packages(path) check parameters
[0.162s] Level 1:colcon.colcon_core.package_discovery:discover_packages(colcon_meta) discover
[0.162s] Level 1:colcon.colcon_core.package_discovery:discover_packages(recursive) discover
[0.162s] INFO:colcon.colcon_core.package_discovery:Crawling recursively for packages in '/home/amonk/MyWorkSpace/test/py_cpp'
[0.162s] Level 1:colcon.colcon_core.package_identification:_identify(.) by extensions ['ignore', 'ignore_ament_install']
[0.162s] Level 1:colcon.colcon_core.package_identification:_identify(.) by extension 'ignore'
[0.162s] Level 1:colcon.colcon_core.package_identification:_identify(.) by extension 'ignore_ament_install'
[0.162s] Level 1:colcon.colcon_core.package_identification:_identify(.) by extensions ['colcon_pkg']
[0.162s] Level 1:colcon.colcon_core.package_identification:_identify(.) by extension 'colcon_pkg'
[0.163s] Level 1:colcon.colcon_core.package_identification:_identify(.) by extensions ['colcon_meta']
[0.163s] Level 1:colcon.colcon_core.package_identification:_identify(.) by extension 'colcon_meta'
[0.163s] Level 1:colcon.colcon_core.package_identification:_identify(.) by extensions ['ros']
[0.163s] Level 1:colcon.colcon_core.package_identification:_identify(.) by extension 'ros'
[0.169s] Level 1:colcon.colcon_core.package_identification:_identify(.) by extensions ['cmake', 'python']
[0.169s] Level 1:colcon.colcon_core.package_identification:_identify(.) by extension 'cmake'
[0.169s] Level 1:colcon.colcon_core.package_identification:_identify(.) by extension 'python'
[0.169s] Level 1:colcon.colcon_core.package_identification:_identify(.) by extensions ['python_setup_py']
[0.169s] Level 1:colcon.colcon_core.package_identification:_identify(.) by extension 'python_setup_py'
[0.169s] Level 1:colcon.colcon_core.package_identification:_identify(build) by extensions ['ignore', 'ignore_ament_install']
[0.169s] Level 1:colcon.colcon_core.package_identification:_identify(build) by extension 'ignore'
[0.169s] Level 1:colcon.colcon_core.package_identification:_identify(build) ignored
[0.169s] Level 1:colcon.colcon_core.package_identification:_identify(install) by extensions ['ignore', 'ignore_ament_install']
[0.169s] Level 1:colcon.colcon_core.package_identification:_identify(install) by extension 'ignore'
[0.169s] Level 1:colcon.colcon_core.package_identification:_identify(install) ignored
[0.169s] Level 1:colcon.colcon_core.package_identification:_identify(log) by extensions ['ignore', 'ignore_ament_install']
[0.169s] Level 1:colcon.colcon_core.package_identification:_identify(log) by extension 'ignore'
[0.169s] Level 1:colcon.colcon_core.package_identification:_identify(log) ignored
[0.169s] Level 1:colcon.colcon_core.package_identification:_identify(publish_python_topic) by extensions ['ignore', 'ignore_ament_install']
[0.169s] Level 1:colcon.colcon_core.package_identification:_identify(publish_python_topic) by extension 'ignore'
[0.169s] Level 1:colcon.colcon_core.package_identification:_identify(publish_python_topic) by extension 'ignore_ament_install'
[0.169s] Level 1:colcon.colcon_core.package_identification:_identify(publish_python_topic) by extensions ['colcon_pkg']
[0.169s] Level 1:colcon.colcon_core.package_identification:_identify(publish_python_topic) by extension 'colcon_pkg'
[0.169s] Level 1:colcon.colcon_core.package_identification:_identify(publish_python_topic) by extensions ['colcon_meta']
[0.170s] Level 1:colcon.colcon_core.package_identification:_identify(publish_python_topic) by extension 'colcon_meta'
[0.170s] Level 1:colcon.colcon_core.package_identification:_identify(publish_python_topic) by extensions ['ros']
[0.170s] Level 1:colcon.colcon_core.package_identification:_identify(publish_python_topic) by extension 'ros'
[0.171s] DEBUG:colcon.colcon_core.package_identification:Package 'publish_python_topic' with type 'ros.ament_python' and name 'publish_python_topic'
[0.171s] Level 1:colcon.colcon_core.package_identification:_identify(sub_cpp_topic) by extensions ['ignore', 'ignore_ament_install']
[0.171s] Level 1:colcon.colcon_core.package_identification:_identify(sub_cpp_topic) by extension 'ignore'
[0.171s] Level 1:colcon.colcon_core.package_identification:_identify(sub_cpp_topic) by extension 'ignore_ament_install'
[0.171s] Level 1:colcon.colcon_core.package_identification:_identify(sub_cpp_topic) by extensions ['colcon_pkg']
[0.171s] Level 1:colcon.colcon_core.package_identification:_identify(sub_cpp_topic) by extension 'colcon_pkg'
[0.171s] Level 1:colcon.colcon_core.package_identification:_identify(sub_cpp_topic) by extensions ['colcon_meta']
[0.171s] Level 1:colcon.colcon_core.package_identification:_identify(sub_cpp_topic) by extension 'colcon_meta'
[0.171s] Level 1:colcon.colcon_core.package_identification:_identify(sub_cpp_topic) by extensions ['ros']
[0.171s] Level 1:colcon.colcon_core.package_identification:_identify(sub_cpp_topic) by extension 'ros'
[0.172s] DEBUG:colcon.colcon_core.package_identification:Package 'sub_cpp_topic' with type 'ros.ament_cmake' and name 'sub_cpp_topic'
[0.172s] Level 1:colcon.colcon_core.package_discovery:discover_packages(recursive) using defaults
[0.172s] Level 1:colcon.colcon_core.package_discovery:discover_packages(ignore) discover
[0.172s] Level 1:colcon.colcon_core.package_discovery:discover_packages(ignore) using defaults
[0.172s] Level 1:colcon.colcon_core.package_discovery:discover_packages(path) discover
[0.172s] Level 1:colcon.colcon_core.package_discovery:discover_packages(path) using defaults
[0.191s] Level 1:colcon.colcon_core.package_discovery:discover_packages(prefix_path) check parameters
[0.191s] Level 1:colcon.colcon_core.package_discovery:discover_packages(prefix_path) discover
[0.193s] DEBUG:colcon.colcon_installed_package_information.package_discovery:Found 2 installed packages in /home/amonk/MyWorkSpace/test/py_cpp/install
[0.193s] DEBUG:colcon.colcon_installed_package_information.package_discovery:Found 4 installed packages in /home/amonk/MyWorkSpace/Unitree/UnitreeRos2/unitree_ros2/cyclonedds_ws/install
[0.194s] DEBUG:colcon.colcon_installed_package_information.package_discovery:Found 272 installed packages in /opt/ros/humble
[0.194s] Level 1:colcon.colcon_core.package_discovery:discover_packages(prefix_path) using defaults
[0.224s] Level 5:colcon.colcon_core.verb:set package 'publish_python_topic' build argument 'cmake_args' from command line to 'None'
[0.224s] Level 5:colcon.colcon_core.verb:set package 'publish_python_topic' build argument 'cmake_target' from command line to 'None'
[0.224s] Level 5:colcon.colcon_core.verb:set package 'publish_python_topic' build argument 'cmake_target_skip_unavailable' from command line to 'False'
[0.224s] Level 5:colcon.colcon_core.verb:set package 'publish_python_topic' build argument 'cmake_clean_cache' from command line to 'False'
[0.224s] Level 5:colcon.colcon_core.verb:set package 'publish_python_topic' build argument 'cmake_clean_first' from command line to 'False'
[0.224s] Level 5:colcon.colcon_core.verb:set package 'publish_python_topic' build argument 'cmake_force_configure' from command line to 'False'
[0.224s] Level 5:colcon.colcon_core.verb:set package 'publish_python_topic' build argument 'ament_cmake_args' from command line to 'None'
[0.224s] Level 5:colcon.colcon_core.verb:set package 'publish_python_topic' build argument 'catkin_cmake_args' from command line to 'None'
[0.224s] Level 5:colcon.colcon_core.verb:set package 'publish_python_topic' build argument 'catkin_skip_building_tests' from command line to 'False'
[0.224s] DEBUG:colcon.colcon_core.verb:Building package 'publish_python_topic' with the following arguments: {'ament_cmake_args': None, 'build_base': '/home/amonk/MyWorkSpace/test/py_cpp/build/publish_python_topic', 'catkin_cmake_args': None, 'catkin_skip_building_tests': False, 'cmake_args': None, 'cmake_clean_cache': False, 'cmake_clean_first': False, 'cmake_force_configure': False, 'cmake_target': None, 'cmake_target_skip_unavailable': False, 'install_base': '/home/amonk/MyWorkSpace/test/py_cpp/install/publish_python_topic', 'merge_install': False, 'path': '/home/amonk/MyWorkSpace/test/py_cpp/publish_python_topic', 'symlink_install': False, 'test_result_base': None}
[0.224s] Level 5:colcon.colcon_core.verb:set package 'sub_cpp_topic' build argument 'cmake_args' from command line to 'None'
[0.224s] Level 5:colcon.colcon_core.verb:set package 'sub_cpp_topic' build argument 'cmake_target' from command line to 'None'
[0.224s] Level 5:colcon.colcon_core.verb:set package 'sub_cpp_topic' build argument 'cmake_target_skip_unavailable' from command line to 'False'
[0.224s] Level 5:colcon.colcon_core.verb:set package 'sub_cpp_topic' build argument 'cmake_clean_cache' from command line to 'False'
[0.224s] Level 5:colcon.colcon_core.verb:set package 'sub_cpp_topic' build argument 'cmake_clean_first' from command line to 'False'
[0.224s] Level 5:colcon.colcon_core.verb:set package 'sub_cpp_topic' build argument 'cmake_force_configure' from command line to 'False'
[0.224s] Level 5:colcon.colcon_core.verb:set package 'sub_cpp_topic' build argument 'ament_cmake_args' from command line to 'None'
[0.224s] Level 5:colcon.colcon_core.verb:set package 'sub_cpp_topic' build argument 'catkin_cmake_args' from command line to 'None'
[0.224s] Level 5:colcon.colcon_core.verb:set package 'sub_cpp_topic' build argument 'catkin_skip_building_tests' from command line to 'False'
[0.224s] DEBUG:colcon.colcon_core.verb:Building package 'sub_cpp_topic' with the following arguments: {'ament_cmake_args': None, 'build_base': '/home/amonk/MyWorkSpace/test/py_cpp/build/sub_cpp_topic', 'catkin_cmake_args': None, 'catkin_skip_building_tests': False, 'cmake_args': None, 'cmake_clean_cache': False, 'cmake_clean_first': False, 'cmake_force_configure': False, 'cmake_target': None, 'cmake_target_skip_unavailable': False, 'install_base': '/home/amonk/MyWorkSpace/test/py_cpp/install/sub_cpp_topic', 'merge_install': False, 'path': '/home/amonk/MyWorkSpace/test/py_cpp/sub_cpp_topic', 'symlink_install': False, 'test_result_base': None}
[0.224s] INFO:colcon.colcon_core.executor:Executing jobs using 'parallel' executor
[0.225s] DEBUG:colcon.colcon_parallel_executor.executor.parallel:run_until_complete
[0.225s] INFO:colcon.colcon_ros.task.ament_python.build:Building ROS package in '/home/amonk/MyWorkSpace/test/py_cpp/publish_python_topic' with build type 'ament_python'
[0.226s] Level 1:colcon.colcon_core.shell:create_environment_hook('publish_python_topic', 'ament_prefix_path')
[0.227s] INFO:colcon.colcon_core.plugin_system:Skipping extension 'colcon_core.shell.bat': Not used on non-Windows systems
[0.227s] INFO:colcon.colcon_core.shell:Creating environment hook '/home/amonk/MyWorkSpace/test/py_cpp/install/publish_python_topic/share/publish_python_topic/hook/ament_prefix_path.ps1'
[0.228s] INFO:colcon.colcon_core.shell:Creating environment descriptor '/home/amonk/MyWorkSpace/test/py_cpp/install/publish_python_topic/share/publish_python_topic/hook/ament_prefix_path.dsv'
[0.228s] INFO:colcon.colcon_core.shell:Creating environment hook '/home/amonk/MyWorkSpace/test/py_cpp/install/publish_python_topic/share/publish_python_topic/hook/ament_prefix_path.sh'
[0.229s] INFO:colcon.colcon_core.shell:Skip shell extension 'powershell' for command environment: Not usable outside of PowerShell
[0.229s] DEBUG:colcon.colcon_core.shell:Skip shell extension 'dsv' for command environment
[0.231s] INFO:colcon.colcon_ros.task.ament_cmake.build:Building ROS package in '/home/amonk/MyWorkSpace/test/py_cpp/sub_cpp_topic' with build type 'ament_cmake'
[0.232s] INFO:colcon.colcon_cmake.task.cmake.build:Building CMake package in '/home/amonk/MyWorkSpace/test/py_cpp/sub_cpp_topic'
[0.232s] INFO:colcon.colcon_core.shell:Skip shell extension 'powershell' for command environment: Not usable outside of PowerShell
[0.232s] DEBUG:colcon.colcon_core.shell:Skip shell extension 'dsv' for command environment
[0.423s] INFO:colcon.colcon_core.task.python.build:Building Python package in '/home/amonk/MyWorkSpace/test/py_cpp/publish_python_topic'
[0.423s] INFO:colcon.colcon_core.shell:Skip shell extension 'powershell' for command environment: Not usable outside of PowerShell
[0.423s] DEBUG:colcon.colcon_core.shell:Skip shell extension 'dsv' for command environment
[0.429s] DEBUG:colcon.colcon_core.event_handler.log_command:Invoking command in '/home/amonk/MyWorkSpace/test/py_cpp/build/sub_cpp_topic': CMAKE_PREFIX_PATH=${CMAKE_PREFIX_PATH}:/home/amonk/MyWorkSpace/test/py_cpp/install/publish_python_topic:/opt/ros/humble CONDA_PROMPT_MODIFIER=(uni_sdk_pythonEnv) /usr/bin/cmake --build /home/amonk/MyWorkSpace/test/py_cpp/build/sub_cpp_topic -- -j8 -l8
[0.490s] DEBUG:colcon.colcon_core.event_handler.log_command:Invoked command in '/home/amonk/MyWorkSpace/test/py_cpp/build/sub_cpp_topic' returned '0': CMAKE_PREFIX_PATH=${CMAKE_PREFIX_PATH}:/home/amonk/MyWorkSpace/test/py_cpp/install/publish_python_topic:/opt/ros/humble CONDA_PROMPT_MODIFIER=(uni_sdk_pythonEnv) /usr/bin/cmake --build /home/amonk/MyWorkSpace/test/py_cpp/build/sub_cpp_topic -- -j8 -l8
[0.496s] DEBUG:colcon.colcon_core.event_handler.log_command:Invoking command in '/home/amonk/MyWorkSpace/test/py_cpp/build/sub_cpp_topic': CMAKE_PREFIX_PATH=${CMAKE_PREFIX_PATH}:/home/amonk/MyWorkSpace/test/py_cpp/install/publish_python_topic:/opt/ros/humble CONDA_PROMPT_MODIFIER=(uni_sdk_pythonEnv) /usr/bin/cmake --install /home/amonk/MyWorkSpace/test/py_cpp/build/sub_cpp_topic
[0.502s] Level 1:colcon.colcon_core.environment:create_environment_scripts_only(sub_cpp_topic)
[0.503s] DEBUG:colcon.colcon_core.event_handler.log_command:Invoked command in '/home/amonk/MyWorkSpace/test/py_cpp/build/sub_cpp_topic' returned '0': CMAKE_PREFIX_PATH=${CMAKE_PREFIX_PATH}:/home/amonk/MyWorkSpace/test/py_cpp/install/publish_python_topic:/opt/ros/humble CONDA_PROMPT_MODIFIER=(uni_sdk_pythonEnv) /usr/bin/cmake --install /home/amonk/MyWorkSpace/test/py_cpp/build/sub_cpp_topic
[0.504s] Level 1:colcon.colcon_core.environment:checking '/home/amonk/MyWorkSpace/test/py_cpp/install/sub_cpp_topic' for CMake module files
[0.504s] Level 1:colcon.colcon_core.environment:checking '/home/amonk/MyWorkSpace/test/py_cpp/install/sub_cpp_topic' for CMake config files
[0.504s] Level 1:colcon.colcon_core.shell:create_environment_hook('sub_cpp_topic', 'cmake_prefix_path')
[0.505s] INFO:colcon.colcon_core.shell:Creating environment hook '/home/amonk/MyWorkSpace/test/py_cpp/install/sub_cpp_topic/share/sub_cpp_topic/hook/cmake_prefix_path.ps1'
[0.505s] INFO:colcon.colcon_core.shell:Creating environment descriptor '/home/amonk/MyWorkSpace/test/py_cpp/install/sub_cpp_topic/share/sub_cpp_topic/hook/cmake_prefix_path.dsv'
[0.505s] INFO:colcon.colcon_core.shell:Creating environment hook '/home/amonk/MyWorkSpace/test/py_cpp/install/sub_cpp_topic/share/sub_cpp_topic/hook/cmake_prefix_path.sh'
[0.506s] Level 1:colcon.colcon_core.environment:checking '/home/amonk/MyWorkSpace/test/py_cpp/install/sub_cpp_topic/lib'
[0.506s] Level 1:colcon.colcon_core.environment:checking '/home/amonk/MyWorkSpace/test/py_cpp/install/sub_cpp_topic/bin'
[0.506s] Level 1:colcon.colcon_core.environment:checking '/home/amonk/MyWorkSpace/test/py_cpp/install/sub_cpp_topic/lib/pkgconfig/sub_cpp_topic.pc'
[0.506s] Level 1:colcon.colcon_core.environment:checking '/home/amonk/MyWorkSpace/test/py_cpp/install/sub_cpp_topic/lib/python3.10/site-packages'
[0.506s] Level 1:colcon.colcon_core.environment:checking '/home/amonk/MyWorkSpace/test/py_cpp/install/sub_cpp_topic/bin'
[0.506s] INFO:colcon.colcon_core.shell:Creating package script '/home/amonk/MyWorkSpace/test/py_cpp/install/sub_cpp_topic/share/sub_cpp_topic/package.ps1'
[0.507s] INFO:colcon.colcon_core.shell:Creating package descriptor '/home/amonk/MyWorkSpace/test/py_cpp/install/sub_cpp_topic/share/sub_cpp_topic/package.dsv'
[0.507s] INFO:colcon.colcon_core.shell:Creating package script '/home/amonk/MyWorkSpace/test/py_cpp/install/sub_cpp_topic/share/sub_cpp_topic/package.sh'
[0.508s] INFO:colcon.colcon_core.shell:Creating package script '/home/amonk/MyWorkSpace/test/py_cpp/install/sub_cpp_topic/share/sub_cpp_topic/package.bash'
[0.508s] INFO:colcon.colcon_core.shell:Creating package script '/home/amonk/MyWorkSpace/test/py_cpp/install/sub_cpp_topic/share/sub_cpp_topic/package.zsh'
[0.509s] Level 1:colcon.colcon_core.environment:create_file_with_runtime_dependencies(/home/amonk/MyWorkSpace/test/py_cpp/install/sub_cpp_topic/share/colcon-core/packages/sub_cpp_topic)
[0.509s] Level 1:colcon.colcon_core.environment:create_environment_scripts_only(sub_cpp_topic)
[0.509s] Level 1:colcon.colcon_core.environment:checking '/home/amonk/MyWorkSpace/test/py_cpp/install/sub_cpp_topic' for CMake module files
[0.509s] Level 1:colcon.colcon_core.environment:checking '/home/amonk/MyWorkSpace/test/py_cpp/install/sub_cpp_topic' for CMake config files
[0.510s] Level 1:colcon.colcon_core.shell:create_environment_hook('sub_cpp_topic', 'cmake_prefix_path')
[0.510s] INFO:colcon.colcon_core.shell:Creating environment hook '/home/amonk/MyWorkSpace/test/py_cpp/install/sub_cpp_topic/share/sub_cpp_topic/hook/cmake_prefix_path.ps1'
[0.510s] INFO:colcon.colcon_core.shell:Creating environment descriptor '/home/amonk/MyWorkSpace/test/py_cpp/install/sub_cpp_topic/share/sub_cpp_topic/hook/cmake_prefix_path.dsv'
[0.510s] INFO:colcon.colcon_core.shell:Creating environment hook '/home/amonk/MyWorkSpace/test/py_cpp/install/sub_cpp_topic/share/sub_cpp_topic/hook/cmake_prefix_path.sh'
[0.511s] Level 1:colcon.colcon_core.environment:checking '/home/amonk/MyWorkSpace/test/py_cpp/install/sub_cpp_topic/lib'
[0.511s] Level 1:colcon.colcon_core.environment:checking '/home/amonk/MyWorkSpace/test/py_cpp/install/sub_cpp_topic/bin'
[0.511s] Level 1:colcon.colcon_core.environment:checking '/home/amonk/MyWorkSpace/test/py_cpp/install/sub_cpp_topic/lib/pkgconfig/sub_cpp_topic.pc'
[0.511s] Level 1:colcon.colcon_core.environment:checking '/home/amonk/MyWorkSpace/test/py_cpp/install/sub_cpp_topic/lib/python3.10/site-packages'
[0.511s] Level 1:colcon.colcon_core.environment:checking '/home/amonk/MyWorkSpace/test/py_cpp/install/sub_cpp_topic/bin'
[0.511s] INFO:colcon.colcon_core.shell:Creating package script '/home/amonk/MyWorkSpace/test/py_cpp/install/sub_cpp_topic/share/sub_cpp_topic/package.ps1'
[0.512s] INFO:colcon.colcon_core.shell:Creating package descriptor '/home/amonk/MyWorkSpace/test/py_cpp/install/sub_cpp_topic/share/sub_cpp_topic/package.dsv'
[0.512s] INFO:colcon.colcon_core.shell:Creating package script '/home/amonk/MyWorkSpace/test/py_cpp/install/sub_cpp_topic/share/sub_cpp_topic/package.sh'
[0.512s] INFO:colcon.colcon_core.shell:Creating package script '/home/amonk/MyWorkSpace/test/py_cpp/install/sub_cpp_topic/share/sub_cpp_topic/package.bash'
[0.512s] INFO:colcon.colcon_core.shell:Creating package script '/home/amonk/MyWorkSpace/test/py_cpp/install/sub_cpp_topic/share/sub_cpp_topic/package.zsh'
[0.513s] Level 1:colcon.colcon_core.environment:create_file_with_runtime_dependencies(/home/amonk/MyWorkSpace/test/py_cpp/install/sub_cpp_topic/share/colcon-core/packages/sub_cpp_topic)
[0.703s] DEBUG:colcon.colcon_core.event_handler.log_command:Invoking command in '/home/amonk/MyWorkSpace/test/py_cpp/publish_python_topic': CONDA_PROMPT_MODIFIER=(uni_sdk_pythonEnv) PYTHONPATH=/home/amonk/MyWorkSpace/test/py_cpp/build/publish_python_topic/prefix_override:/usr/lib/python3/dist-packages/colcon_core/task/python/colcon_distutils_commands:/home/amonk/MyWorkSpace/test/py_cpp/install/publish_python_topic/lib/python3.10/site-packages:${PYTHONPATH} /usr/bin/python3 -W ignore:setup.py install is deprecated -W ignore:easy_install command is deprecated setup.py egg_info --egg-base ../build/publish_python_topic build --build-base /home/amonk/MyWorkSpace/test/py_cpp/build/publish_python_topic/build install --record /home/amonk/MyWorkSpace/test/py_cpp/build/publish_python_topic/install.log --single-version-externally-managed install_data
[0.886s] Level 1:colcon.colcon_core.environment:checking '/home/amonk/MyWorkSpace/test/py_cpp/install/publish_python_topic' for CMake module files
[0.886s] DEBUG:colcon.colcon_core.event_handler.log_command:Invoked command in '/home/amonk/MyWorkSpace/test/py_cpp/publish_python_topic' returned '0': CONDA_PROMPT_MODIFIER=(uni_sdk_pythonEnv) PYTHONPATH=/home/amonk/MyWorkSpace/test/py_cpp/build/publish_python_topic/prefix_override:/usr/lib/python3/dist-packages/colcon_core/task/python/colcon_distutils_commands:/home/amonk/MyWorkSpace/test/py_cpp/install/publish_python_topic/lib/python3.10/site-packages:${PYTHONPATH} /usr/bin/python3 -W ignore:setup.py install is deprecated -W ignore:easy_install command is deprecated setup.py egg_info --egg-base ../build/publish_python_topic build --build-base /home/amonk/MyWorkSpace/test/py_cpp/build/publish_python_topic/build install --record /home/amonk/MyWorkSpace/test/py_cpp/build/publish_python_topic/install.log --single-version-externally-managed install_data
[0.887s] Level 1:colcon.colcon_core.environment:checking '/home/amonk/MyWorkSpace/test/py_cpp/install/publish_python_topic' for CMake config files
[0.887s] Level 1:colcon.colcon_core.environment:checking '/home/amonk/MyWorkSpace/test/py_cpp/install/publish_python_topic/lib'
[0.887s] Level 1:colcon.colcon_core.environment:checking '/home/amonk/MyWorkSpace/test/py_cpp/install/publish_python_topic/bin'
[0.887s] Level 1:colcon.colcon_core.environment:checking '/home/amonk/MyWorkSpace/test/py_cpp/install/publish_python_topic/lib/pkgconfig/publish_python_topic.pc'
[0.887s] Level 1:colcon.colcon_core.environment:checking '/home/amonk/MyWorkSpace/test/py_cpp/install/publish_python_topic/lib/python3.10/site-packages'
[0.887s] Level 1:colcon.colcon_core.shell:create_environment_hook('publish_python_topic', 'pythonpath')
[0.888s] INFO:colcon.colcon_core.shell:Creating environment hook '/home/amonk/MyWorkSpace/test/py_cpp/install/publish_python_topic/share/publish_python_topic/hook/pythonpath.ps1'
[0.888s] INFO:colcon.colcon_core.shell:Creating environment descriptor '/home/amonk/MyWorkSpace/test/py_cpp/install/publish_python_topic/share/publish_python_topic/hook/pythonpath.dsv'
[0.888s] INFO:colcon.colcon_core.shell:Creating environment hook '/home/amonk/MyWorkSpace/test/py_cpp/install/publish_python_topic/share/publish_python_topic/hook/pythonpath.sh'
[0.889s] Level 1:colcon.colcon_core.environment:checking '/home/amonk/MyWorkSpace/test/py_cpp/install/publish_python_topic/bin'
[0.889s] Level 1:colcon.colcon_core.environment:create_environment_scripts_only(publish_python_topic)
[0.889s] INFO:colcon.colcon_core.shell:Creating package script '/home/amonk/MyWorkSpace/test/py_cpp/install/publish_python_topic/share/publish_python_topic/package.ps1'
[0.889s] INFO:colcon.colcon_core.shell:Creating package descriptor '/home/amonk/MyWorkSpace/test/py_cpp/install/publish_python_topic/share/publish_python_topic/package.dsv'
[0.890s] INFO:colcon.colcon_core.shell:Creating package script '/home/amonk/MyWorkSpace/test/py_cpp/install/publish_python_topic/share/publish_python_topic/package.sh'
[0.890s] INFO:colcon.colcon_core.shell:Creating package script '/home/amonk/MyWorkSpace/test/py_cpp/install/publish_python_topic/share/publish_python_topic/package.bash'
[0.890s] INFO:colcon.colcon_core.shell:Creating package script '/home/amonk/MyWorkSpace/test/py_cpp/install/publish_python_topic/share/publish_python_topic/package.zsh'
[0.890s] Level 1:colcon.colcon_core.environment:create_file_with_runtime_dependencies(/home/amonk/MyWorkSpace/test/py_cpp/install/publish_python_topic/share/colcon-core/packages/publish_python_topic)
[0.891s] DEBUG:colcon.colcon_parallel_executor.executor.parallel:closing loop
[0.891s] DEBUG:colcon.colcon_parallel_executor.executor.parallel:loop closed
[0.891s] DEBUG:colcon.colcon_parallel_executor.executor.parallel:run_until_complete finished with '0'
[0.891s] DEBUG:colcon.colcon_core.event_reactor:joining thread
[0.895s] INFO:colcon.colcon_core.plugin_system:Skipping extension 'colcon_notification.desktop_notification.terminal_notifier': Not used on non-Darwin systems
[0.895s] INFO:colcon.colcon_core.plugin_system:Skipping extension 'colcon_notification.desktop_notification.win32': Not used on non-Windows systems
[0.895s] INFO:colcon.colcon_notification.desktop_notification:Sending desktop notification using 'notify2'
[0.905s] DEBUG:colcon.colcon_core.event_reactor:joined thread
[0.906s] INFO:colcon.colcon_core.shell:Creating prefix script '/home/amonk/MyWorkSpace/test/py_cpp/install/local_setup.ps1'
[0.907s] INFO:colcon.colcon_core.shell:Creating prefix util module '/home/amonk/MyWorkSpace/test/py_cpp/install/_local_setup_util_ps1.py'
[0.908s] INFO:colcon.colcon_core.shell:Creating prefix chain script '/home/amonk/MyWorkSpace/test/py_cpp/install/setup.ps1'
[0.910s] INFO:colcon.colcon_core.shell:Creating prefix script '/home/amonk/MyWorkSpace/test/py_cpp/install/local_setup.sh'
[0.910s] INFO:colcon.colcon_core.shell:Creating prefix util module '/home/amonk/MyWorkSpace/test/py_cpp/install/_local_setup_util_sh.py'
[0.911s] INFO:colcon.colcon_core.shell:Creating prefix chain script '/home/amonk/MyWorkSpace/test/py_cpp/install/setup.sh'
[0.912s] INFO:colcon.colcon_core.shell:Creating prefix script '/home/amonk/MyWorkSpace/test/py_cpp/install/local_setup.bash'
[0.912s] INFO:colcon.colcon_core.shell:Creating prefix chain script '/home/amonk/MyWorkSpace/test/py_cpp/install/setup.bash'
[0.914s] INFO:colcon.colcon_core.shell:Creating prefix script '/home/amonk/MyWorkSpace/test/py_cpp/install/local_setup.zsh'
[0.914s] INFO:colcon.colcon_core.shell:Creating prefix chain script '/home/amonk/MyWorkSpace/test/py_cpp/install/setup.zsh'
